D:\DEVELOPING\BABYLONNATIVE\PLAYGROUND\NATIVE-ACTIVITY\NATIVE-ACTIVITY\TEGRA-ANDROID\DEBUG\LIBNATIVE-ACTIVITY.SO
D:\DEVELOPING\BABYLONNATIVE\PLAYGROUND\NATIVE-ACTIVITY\NATIVE-ACTIVITY\TEGRA-ANDROID\DEBUG\ANDROID_NATIVE_APP_GLUE.O
D:\DEVELOPING\BABYLONNATIVE\PLAYGROUND\NATIVE-ACTIVITY\NATIVE-ACTIVITY\TEGRA-ANDROID\DEBUG\CANVAS.O
D:\DEVELOPING\BABYLONNATIVE\PLAYGROUND\NATIVE-ACTIVITY\NATIVE-ACTIVITY\TEGRA-ANDROID\DEBUG\GL.O
D:\DEVELOPING\BABYLONNATIVE\PLAYGROUND\NATIVE-ACTIVITY\NATIVE-ACTIVITY\TEGRA-ANDROID\DEBUG\NATIVEACTIVITY.O
D:\DEVELOPING\BABYLONNATIVE\PLAYGROUND\NATIVE-ACTIVITY\NATIVE-ACTIVITY\TEGRA-ANDROID\DEBUG\MAIN.O
D:\DEVELOPING\BABYLONNATIVE\PLAYGROUND\NATIVE-ACTIVITY\NATIVE-ACTIVITY\TEGRA-ANDROID\DEBUG\BIN\NATIVEACTIVITY-DEBUG.APK
D:\DEVELOPING\BABYLONNATIVE\PLAYGROUND\NATIVE-ACTIVITY\NATIVE-ACTIVITY\TEGRA-ANDROID\DEBUG\BIN\NATIVEACTIVITY.AP_.D
D:\DEVELOPING\BABYLONNATIVE\PLAYGROUND\NATIVE-ACTIVITY\NATIVE-ACTIVITY\TEGRA-ANDROID\DEBUG\BIN\NATIVEACTIVITY.AP_
D:\DEVELOPING\BABYLONNATIVE\PLAYGROUND\NATIVE-ACTIVITY\NATIVE-ACTIVITY\TEGRA-ANDROID\DEBUG\LIBS\ARMEABI-V7A\LIBNATIVE-ACTIVITY.SO
D:\DEVELOPING\BABYLONNATIVE\PLAYGROUND\NATIVE-ACTIVITY\NATIVE-ACTIVITY\TEGRA-ANDROID\DEBUG\LIBS\ARMEABI-V7A\GDB.SETUP
D:\DEVELOPING\BABYLONNATIVE\PLAYGROUND\NATIVE-ACTIVITY\NATIVE-ACTIVITY\TEGRA-ANDROID\DEBUG\LIBS\ARMEABI-V7A\GDBSERVER
D:\DEVELOPING\BABYLONNATIVE\PLAYGROUND\NATIVE-ACTIVITY\NATIVE-ACTIVITY\TEGRA-ANDROID\DEBUG\BIN\ANDROIDMANIFEST.XML
D:\DEVELOPING\BABYLONNATIVE\PLAYGROUND\NATIVE-ACTIVITY\NATIVE-ACTIVITY\TEGRA-ANDROID\DEBUG\BIN\ANDROIDMANIFEST.XML.D
D:\DEVELOPING\BABYLONNATIVE\PLAYGROUND\NATIVE-ACTIVITY\NATIVE-ACTIVITY\TEGRA-ANDROID\DEBUG\BIN\NATIVEACTIVITY-DEBUG-UNALIGNED.APK
D:\DEVELOPING\BABYLONNATIVE\PLAYGROUND\NATIVE-ACTIVITY\NATIVE-ACTIVITY\TEGRA-ANDROID\DEBUG\BIN\NATIVEACTIVITY-DEBUG-UNALIGNED.APK.D
D:\DEVELOPING\BABYLONNATIVE\PLAYGROUND\NATIVE-ACTIVITY\NATIVE-ACTIVITY\TEGRA-ANDROID\DEBUG\BIN\BUILD.PROP
D:\Developing\BabylonNative\Playground\native-activity\native-activity\Tegra-Android\Debug\ant.command.1.tlog
D:\Developing\BabylonNative\Playground\native-activity\native-activity\Tegra-Android\Debug\arm-linux-androideabi-g++-collect2-ld.bfd.read.1.tlog
D:\Developing\BabylonNative\Playground\native-activity\native-activity\Tegra-Android\Debug\arm-linux-androideabi-g++-collect2-ld.bfd.write.1.tlog
D:\Developing\BabylonNative\Playground\native-activity\native-activity\Tegra-Android\Debug\arm-linux-androideabi-g++-collect2.read.1.tlog
D:\Developing\BabylonNative\Playground\native-activity\native-activity\Tegra-Android\Debug\arm-linux-androideabi-g++-collect2.write.1.tlog
D:\Developing\BabylonNative\Playground\native-activity\native-activity\Tegra-Android\Debug\arm-linux-androideabi-g++-link.command.1.tlog
D:\Developing\BabylonNative\Playground\native-activity\native-activity\Tegra-Android\Debug\arm-linux-androideabi-g++.compile.command.1.tlog
D:\Developing\BabylonNative\Playground\native-activity\native-activity\Tegra-Android\Debug\arm-linux-androideabi-g++.compile.read.1.tlog
D:\Developing\BabylonNative\Playground\native-activity\native-activity\Tegra-Android\Debug\arm-linux-androideabi-g++.compile.write.1.tlog
D:\Developing\BabylonNative\Playground\native-activity\native-activity\Tegra-Android\Debug\arm-linux-androideabi-g++.read.1.tlog
D:\Developing\BabylonNative\Playground\native-activity\native-activity\Tegra-Android\Debug\arm-linux-androideabi-g++.write.1.tlog
D:\Developing\BabylonNative\Playground\native-activity\native-activity\Tegra-Android\Debug\cmd-java-aapt.1896.read.1.tlog
D:\Developing\BabylonNative\Playground\native-activity\native-activity\Tegra-Android\Debug\cmd-java-aapt.1896.write.1.tlog
D:\Developing\BabylonNative\Playground\native-activity\native-activity\Tegra-Android\Debug\cmd-java-aapt.3396.read.1.tlog
D:\Developing\BabylonNative\Playground\native-activity\native-activity\Tegra-Android\Debug\cmd-java-aapt.3396.write.1.tlog
D:\Developing\BabylonNative\Playground\native-activity\native-activity\Tegra-Android\Debug\cmd-java-aapt.5320.read.1.tlog
D:\Developing\BabylonNative\Playground\native-activity\native-activity\Tegra-Android\Debug\cmd-java-aapt.5320.write.1.tlog
D:\Developing\BabylonNative\Playground\native-activity\native-activity\Tegra-Android\Debug\cmd-java-aapt.read.1.tlog
D:\Developing\BabylonNative\Playground\native-activity\native-activity\Tegra-Android\Debug\cmd-java-zipalign.read.1.tlog
D:\Developing\BabylonNative\Playground\native-activity\native-activity\Tegra-Android\Debug\cmd-java-zipalign.write.1.tlog
D:\Developing\BabylonNative\Playground\native-activity\native-activity\Tegra-Android\Debug\cmd-java.read.1.tlog
D:\Developing\BabylonNative\Playground\native-activity\native-activity\Tegra-Android\Debug\cmd-java.read.2.tlog
D:\Developing\BabylonNative\Playground\native-activity\native-activity\Tegra-Android\Debug\cmd-java.write.2.tlog
D:\Developing\BabylonNative\Playground\native-activity\native-activity\Tegra-Android\Debug\cmd.read.1.tlog
D:\Developing\BabylonNative\Playground\native-activity\native-activity\Tegra-Android\Debug\nsight_tegra_build.xml
D:\Developing\BabylonNative\Playground\native-activity\native-activity\Tegra-Android\Debug\nsight_tegra_manifest.xml
D:\Developing\BabylonNative\Playground\native-activity\native-activity\Tegra-Android\Debug\libnative-activity.so
