C:\Program Files (x86)\MSBuild\Microsoft.Cpp\v4.0\V110\Microsoft.CppBuild.targets(343,5): warning MSB8003: Could not find VCInstallDir variable from the registry.  TargetFrameworkVersion or PlatformToolset may be set to an invalid version number.
  main.cpp
  gl.cpp
  ../jni/gl.cpp: In member function 'virtual void* GL::getExtension(std::string)':
C:\Dev\BabylonNative\Playground\native-activity\jni\gl.cpp(83,7): warning : address of local variable 'result' returned [-Wreturn-local-addr]
    bool result = (exts.find(name))  != string::npos;
         ^
  ../jni/gl.cpp: In member function 'virtual void* GL::getRenderbufferParameter(Babylon::GLenum, Babylon::GLenum)':
C:\Dev\BabylonNative\Playground\native-activity\jni\gl.cpp(456,10): warning : address of local variable 'params' returned [-Wreturn-local-addr]
    ::GLint params;
            ^
  C:\Dev\Sdk\NVPACK\android-ndk-r9b\toolchains\arm-linux-androideabi-4.8\prebuilt\windows\bin\arm-linux-androideabi-g++.exe Tegra-Android/Debug/android_native_app_glue.o Tegra-Android/Debug/canvas.o Tegra-Android/Debug/gl.o Tegra-Android/Debug/main.o  -oC:/Dev/BabylonNative/Playground/native-activity/native-activity/Tegra-Android/Debug/libnative-activity.so -L"C:/Dev/BabylonNative/Playground/native-activity/native-activity/../../../libs/armeabi-v7a/" -L"C:/Dev/Sdk/NVPACK/android-ndk-r9b/sources/cxx-stl/gnu-libstdc++/4.8/libs/armeabi-v7a" -L"C:/Dev/BabylonNative/Playground/native-activity/native-activity/../obj/local/armeabi/" -lc -lm -llog -lgcc -Wl,-soname,libnative-activity.so -Wl,--no-undefined -fuse-ld=bfd -L"C:/Dev/Sdk/NVPACK/android-ndk-r9b/platforms/android-18/arch-arm/usr/lib" -L"C:/Dev/Sdk/NVPACK/android-ndk-r9b/sources/cxx-stl/gnu-libstdc++/4.8/libs/armeabi-v7a" -L"C:/Dev/Sdk/NVPACK/android-ndk-r9b/toolchains/arm-linux-androideabi-4.8/prebuilt/windows/lib/gcc/arm-linux-androideabi/4.8/armv7-a" -L"C:/Dev/Sdk/NVPACK/android-ndk-r9b/toolchains/arm-linux-androideabi-4.8/prebuilt/windows/lib/gcc/arm-linux-androideabi/4.8/armv7-a" -shared -Wl,-z,noexecstack -Wl,-z,relro -Wl,-z,now -Wl,-rpath-link=C:/Dev/Sdk/NVPACK/android-ndk-r9b/platforms/android-18/arch-arm/usr/lib --sysroot=C:/Dev/Sdk/NVPACK/android-ndk-r9b/platforms/android-18/arch-arm "-lsupc++" "-lgnustl_static" "-lgcc" -lCameras -lEngine -lAnimations -lBones -lCollisions -lContext -lLayer -lLensFlare -lMesh -lMaterials -lLights -lCulling -lParticles -lPhysicsEngine -lPostProcess -lRendering -lSprites -lTextures -lTools -llog -landroid -lEGL -lGLESv2 -lsupc++ -lgnustl_static -lgcc 
  native-activity.vcxproj -> C:\Dev\BabylonNative\Playground\native-activity\native-activity\Tegra-Android\Debug\libnative-activity.so
C:\Program Files (x86)\MSBuild\Microsoft.Cpp\v4.0\V110\Platforms\Tegra-Android\Nvidia.Cpp.Tegra-Android.Generics.targets(97,5): warning MSB8015: Forcing a rebuild of all source files due to the contents of "C:\Dev\BabylonNative\Playground\native-activity\native-activity\Tegra-Android\Debug\ant.command.1.tlog" being invalid.
  Building using the JDK located here: 'C:\Dev\Sdk\NVPACK\jdk1.6.0_45 (Native32Bit)'...
  Building using _JAVA_OPTIONS: '-Xmx512m'...
  Building using ANT_OPTS: '-Dtarget=android-18 -Xmx512m'...
  Executing "C:\Dev\Sdk\NVPACK\apache-ant-1.8.2\bin\ant.bat debug -f C:\Dev\BabylonNative\Playground\native-activity\native-activity\Tegra-Android\Debug\nsight_tegra_build.xml "
  Buildfile: C:\Dev\BabylonNative\Playground\native-activity\native-activity\Tegra-Android\Debug\nsight_tegra_build.xml
  Duplicated project name in import. Project NativeActivity defined first in C:\Dev\BabylonNative\Playground\native-activity\native-activity\Tegra-Android\Debug\nsight_tegra_build.xml and again in C:\Dev\BabylonNative\Playground\native-activity\build.xml
  
  -set-mode-check:
  
  -set-debug-files:
  
  -check-env:
   [checkenv] Android SDK Tools Revision 22.3.0
   [checkenv] Installed at C:\Dev\Sdk\NVPACK\android-sdk-windows
  
  -setup:
       [echo] Project Name: NativeActivity
    [gettype] Project Type: Application
  
  -set-debug-mode:
  
  -debug-obfuscation-check:
  
  -pre-build:
  
  -build-setup:
  [getbuildtools] Using latest Build Tools: 18.0.1
       [echo] Resolving Build Target for NativeActivity...
  [gettarget] Project Target:   Android 4.3
  [gettarget] API level:        18
       [echo] ----------
       [echo] Creating output directories if needed...
       [echo] ----------
       [echo] Resolving Dependencies for NativeActivity...
  [dependency] Library dependencies:
  [dependency] No Libraries
  [dependency] 
  [dependency] ------------------
       [echo] ----------
       [echo] Building Libraries with 'debug'...
     [subant] No sub-builds to iterate on
  
  -code-gen:
  [mergemanifest] Found Deleted Target File
  [mergemanifest] Merging AndroidManifest files into one.
  [mergemanifest] Manifest merger disabled. Using project manifest only.
       [echo] hasCode = false. Skipping aidl/renderscript/R.java
  
  -pre-compile:
  
  -compile:
       [echo] hasCode = false. Skipping...
  
  -post-compile:
  
  -obfuscate:
  
  -dex:
       [echo] hasCode = false. Skipping...
  
  -crunch:
     [crunch] Crunching PNG Files in source dir: C:\Dev\BabylonNative\Playground\native-activity\res
     [crunch] To destination dir: C:\Dev\BabylonNative\Playground\native-activity\native-activity\Tegra-Android\Debug\bin\res
     [crunch] Crunched 0 PNG files to update cache
  
  -package-resources:
       [aapt] Found Deleted Target File
       [aapt] Creating full resource package...
  
  -package:
  [apkbuilder] Found Deleted Target File
  [apkbuilder] Creating NativeActivity-debug-unaligned.apk and signing it with a debug key...
  
  -post-package:
  
  -do-debug:
   [zipalign] Running zip align on final apk...
       [echo] Debug Package: C:\Dev\BabylonNative\Playground\native-activity\native-activity\Tegra-Android\Debug\bin\NativeActivity-debug.apk
  [propertyfile] Updating property file: C:\Dev\BabylonNative\Playground\native-activity\native-activity\Tegra-Android\Debug\bin\build.prop
  [propertyfile] Updating property file: C:\Dev\BabylonNative\Playground\native-activity\native-activity\Tegra-Android\Debug\bin\build.prop
  [propertyfile] Updating property file: C:\Dev\BabylonNative\Playground\native-activity\native-activity\Tegra-Android\Debug\bin\build.prop
  [propertyfile] Updating property file: C:\Dev\BabylonNative\Playground\native-activity\native-activity\Tegra-Android\Debug\bin\build.prop
  
  -post-build:
  
  debug:
  
  BUILD SUCCESSFUL
  Total time: 2 seconds
C:\Program Files (x86)\MSBuild\Microsoft.Cpp\v4.0\V110\Platforms\Tegra-Android\Nvidia.Cpp.Tegra-Android.Generics.targets(97,5): warning MSB8015: Forcing a rebuild of all source files due to the contents of "C:\Dev\BabylonNative\Playground\native-activity\native-activity\Tegra-Android\Debug\ant.command.1.tlog" being invalid.
